2023-02-09 18:07:34,111 [Worker-6: Loading available Gradle versions] INFO  o.e.b.c.i.u.g.PublishedGradleVersions - Gradle version information cache is up-to-date. Trying to read.
2023-02-09 18:08:41,397 [Worker-11: Importing Maven projects] INFO  o.e.m.c.i.l.LifecycleMappingFactory - Using org.eclipse.m2e.jdt.JarLifecycleMapping lifecycle mapping for MavenProject: com.ortho:bdd:0.0.1-SNAPSHOT @ C:\Users\isekar\Documents\WorkSpace File\bdd\pom.xml.
2023-02-09 18:08:47,447 [Worker-11: Importing Maven projects] INFO  o.e.m.c.i.l.LifecycleMappingFactory - Using org.eclipse.m2e.jdt.JarLifecycleMapping lifecycle mapping for MavenProject: com.bdd.orthoautomation:bdd_ortho:0.0.1-SNAPSHOT @ C:\Users\isekar\Documents\WorkSpace File\bdd_ortho\pom.xml.
2023-02-09 18:08:47,603 [Worker-11: Importing Maven projects] INFO  o.e.m.c.i.l.LifecycleMappingFactory - Using org.eclipse.m2e.jdt.JarLifecycleMapping lifecycle mapping for MavenProject: bdd_orthologiq:bdd_orthologiq:0.0.1-SNAPSHOT @ C:\Users\isekar\Documents\WorkSpace File\bdd_orthologiq\pom.xml.
2023-02-09 18:08:47,965 [Worker-11: Importing Maven projects] INFO  o.e.m.c.i.l.LifecycleMappingFactory - Using org.eclipse.m2e.jdt.JarLifecycleMapping lifecycle mapping for MavenProject: bdd_orthosensor:bdd_orthosensor:0.0.1-SNAPSHOT @ C:\Users\isekar\Documents\WorkSpace File\bdd_orthosensor\pom.xml.
2023-02-09 18:08:48,774 [Worker-11: Importing Maven projects] INFO  o.e.m.c.i.l.LifecycleMappingFactory - Using org.eclipse.m2e.jdt.JarLifecycleMapping lifecycle mapping for MavenProject: com.bdd.orthosensor:com.bdd.orthosensor:0.0.1-SNAPSHOT @ C:\Users\isekar\Documents\WorkSpace File\com.bdd.orthosensor\pom.xml.
2023-02-09 18:08:50,199 [Worker-11: Importing Maven projects] INFO  o.e.m.c.i.l.LifecycleMappingFactory - Using org.eclipse.m2e.jdt.JarLifecycleMapping lifecycle mapping for MavenProject: com.bdd.testing:com.bdd.testing:0.0.1-SNAPSHOT @ C:\Users\isekar\Documents\WorkSpace File\com.bdd.testing\pom.xml.
2023-02-09 18:08:51,309 [Worker-11: Importing Maven projects] INFO  o.e.m.c.i.l.LifecycleMappingFactory - Using org.eclipse.m2e.jdt.JarLifecycleMapping lifecycle mapping for MavenProject: com.Learning:com.Learning:0.0.1-SNAPSHOT @ C:\Users\isekar\Documents\WorkSpace File\com.Learning\pom.xml.
2023-02-09 18:08:52,875 [Worker-11: Importing Maven projects] INFO  o.e.m.c.i.l.LifecycleMappingFactory - Using org.eclipse.m2e.jdt.JarLifecycleMapping lifecycle mapping for MavenProject: CucumberJava:CucumberJava:0.0.1-SNAPSHOT @ C:\Users\isekar\Documents\WorkSpace File\CucumberJava\pom.xml.
2023-02-09 18:08:53,495 [Worker-11: Importing Maven projects] INFO  o.e.m.c.i.l.LifecycleMappingFactory - Using org.eclipse.m2e.jdt.JarLifecycleMapping lifecycle mapping for MavenProject: Orthosensor:Orthosensor:0.0.1-SNAPSHOT @ C:\Users\isekar\Documents\WorkSpace File\Orthosensor\pom.xml.
2023-02-09 18:08:55,012 [Worker-11: Importing Maven projects] INFO  o.e.m.c.i.l.LifecycleMappingFactory - Using org.eclipse.m2e.jdt.JarLifecycleMapping lifecycle mapping for MavenProject: ui_automation_cucumber:ui_automation_cucumber:0.0.1-SNAPSHOT @ C:\Users\isekar\Documents\WorkSpace File\ui_automation_cucumber\pom.xml.
2023-02-09 18:08:55,498 [Worker-11: Importing Maven projects] INFO  o.e.m.c.i.l.LifecycleMappingFactory - Using org.eclipse.m2e.jdt.JarLifecycleMapping lifecycle mapping for MavenProject: ui_bdd_automation:ui_bdd_automation:0.0.1-SNAPSHOT @ C:\Users\isekar\Documents\WorkSpace File\ui_bdd_automation\pom.xml.
2023-02-09 18:09:13,637 [Worker-11: Importing Maven projects] INFO  o.e.m.j.i.AbstractJavaProjectConfigurator - Adding source folder /ui_bdd_automation/src/main/java
2023-02-09 18:09:13,638 [Worker-11: Importing Maven projects] INFO  o.e.m.j.i.AbstractJavaProjectConfigurator - Adding resource folder /ui_bdd_automation/src/main/resources
2023-02-09 18:09:13,639 [Worker-11: Importing Maven projects] INFO  o.e.m.j.i.AbstractJavaProjectConfigurator - Adding source folder /ui_bdd_automation/src/test/java
2023-02-09 18:09:13,639 [Worker-11: Importing Maven projects] INFO  o.e.m.j.i.AbstractJavaProjectConfigurator - Adding resource folder /ui_bdd_automation/src/test/resources
2023-02-09 18:09:14,056 [Worker-11: Importing Maven projects] INFO  o.e.m.j.i.AbstractJavaProjectConfigurator - Adding source folder /com.bdd.orthosensor/src/main/java
2023-02-09 18:09:14,056 [Worker-11: Importing Maven projects] INFO  o.e.m.j.i.AbstractJavaProjectConfigurator - Adding resource folder /com.bdd.orthosensor/src/main/resources
2023-02-09 18:09:14,057 [Worker-11: Importing Maven projects] INFO  o.e.m.j.i.AbstractJavaProjectConfigurator - Adding source folder /com.bdd.orthosensor/src/test/java
2023-02-09 18:09:14,058 [Worker-11: Importing Maven projects] INFO  o.e.m.j.i.AbstractJavaProjectConfigurator - Adding resource folder /com.bdd.orthosensor/src/test/resources
2023-02-09 18:09:14,582 [Worker-11: Importing Maven projects] INFO  o.e.m.j.i.AbstractJavaProjectConfigurator - Adding source folder /Orthosensor/src/main/java
2023-02-09 18:09:14,583 [Worker-11: Importing Maven projects] INFO  o.e.m.j.i.AbstractJavaProjectConfigurator - Adding source folder /Orthosensor/src/test/java
2023-02-09 18:09:15,172 [Worker-11: Importing Maven projects] INFO  o.e.m.j.i.AbstractJavaProjectConfigurator - Adding source folder /bdd/src/main/java
2023-02-09 18:09:15,172 [Worker-11: Importing Maven projects] INFO  o.e.m.j.i.AbstractJavaProjectConfigurator - Adding resource folder /bdd/src/main/resources
2023-02-09 18:09:15,174 [Worker-11: Importing Maven projects] INFO  o.e.m.j.i.AbstractJavaProjectConfigurator - Adding source folder /bdd/src/test/java
2023-02-09 18:09:15,174 [Worker-11: Importing Maven projects] INFO  o.e.m.j.i.AbstractJavaProjectConfigurator - Adding resource folder /bdd/src/test/resources
2023-02-09 18:09:15,726 [Worker-11: Importing Maven projects] INFO  o.e.m.j.i.AbstractJavaProjectConfigurator - Adding source folder /CucumberJava/src/main/java
2023-02-09 18:09:15,726 [Worker-11: Importing Maven projects] INFO  o.e.m.j.i.AbstractJavaProjectConfigurator - Adding resource folder /CucumberJava/src/main/resources
2023-02-09 18:09:15,727 [Worker-11: Importing Maven projects] INFO  o.e.m.j.i.AbstractJavaProjectConfigurator - Adding source folder /CucumberJava/src/test/java
2023-02-09 18:09:15,728 [Worker-11: Importing Maven projects] INFO  o.e.m.j.i.AbstractJavaProjectConfigurator - Adding resource folder /CucumberJava/src/test/resources
2023-02-09 18:09:16,258 [Worker-11: Importing Maven projects] INFO  o.e.m.j.i.AbstractJavaProjectConfigurator - Adding source folder /com.bdd.testing/src/main/java
2023-02-09 18:09:16,259 [Worker-11: Importing Maven projects] INFO  o.e.m.j.i.AbstractJavaProjectConfigurator - Adding resource folder /com.bdd.testing/src/main/resources
2023-02-09 18:09:16,292 [Worker-11: Importing Maven projects] INFO  o.e.m.j.i.AbstractJavaProjectConfigurator - Adding source folder /com.bdd.testing/src/test/java
2023-02-09 18:09:16,293 [Worker-11: Importing Maven projects] INFO  o.e.m.j.i.AbstractJavaProjectConfigurator - Adding resource folder /com.bdd.testing/src/test/resources
2023-02-09 18:09:16,844 [Worker-11: Importing Maven projects] INFO  o.e.m.j.i.AbstractJavaProjectConfigurator - Adding source folder /com.Learning/src/main/java
2023-02-09 18:09:16,844 [Worker-11: Importing Maven projects] INFO  o.e.m.j.i.AbstractJavaProjectConfigurator - Adding resource folder /com.Learning/src/main/resources
2023-02-09 18:09:16,845 [Worker-11: Importing Maven projects] INFO  o.e.m.j.i.AbstractJavaProjectConfigurator - Adding source folder /com.Learning/src/test/java
2023-02-09 18:09:16,846 [Worker-11: Importing Maven projects] INFO  o.e.m.j.i.AbstractJavaProjectConfigurator - Adding resource folder /com.Learning/src/test/resources
2023-02-09 18:09:17,346 [Worker-11: Importing Maven projects] INFO  o.e.m.j.i.AbstractJavaProjectConfigurator - Adding source folder /bdd_orthosensor/src/main/java
2023-02-09 18:09:17,346 [Worker-11: Importing Maven projects] INFO  o.e.m.j.i.AbstractJavaProjectConfigurator - Adding resource folder /bdd_orthosensor/src/main/resources
2023-02-09 18:09:17,347 [Worker-11: Importing Maven projects] INFO  o.e.m.j.i.AbstractJavaProjectConfigurator - Adding source folder /bdd_orthosensor/src/test/java
2023-02-09 18:09:17,348 [Worker-11: Importing Maven projects] INFO  o.e.m.j.i.AbstractJavaProjectConfigurator - Adding resource folder /bdd_orthosensor/src/test/resources
2023-02-09 18:09:17,746 [Worker-11: Importing Maven projects] INFO  o.e.m.j.i.AbstractJavaProjectConfigurator - Adding source folder /bdd_ortho/src/main/java
2023-02-09 18:09:17,746 [Worker-11: Importing Maven projects] INFO  o.e.m.j.i.AbstractJavaProjectConfigurator - Adding resource folder /bdd_ortho/src/main/resources
2023-02-09 18:09:17,748 [Worker-11: Importing Maven projects] INFO  o.e.m.j.i.AbstractJavaProjectConfigurator - Adding source folder /bdd_ortho/src/test/java
2023-02-09 18:09:17,748 [Worker-11: Importing Maven projects] INFO  o.e.m.j.i.AbstractJavaProjectConfigurator - Adding resource folder /bdd_ortho/src/test/resources
2023-02-09 18:09:18,235 [Worker-11: Importing Maven projects] INFO  o.e.m.j.i.AbstractJavaProjectConfigurator - Adding source folder /ui_automation_cucumber/src/main/java
2023-02-09 18:09:18,235 [Worker-11: Importing Maven projects] INFO  o.e.m.j.i.AbstractJavaProjectConfigurator - Adding resource folder /ui_automation_cucumber/src/main/resources
2023-02-09 18:09:18,236 [Worker-11: Importing Maven projects] INFO  o.e.m.j.i.AbstractJavaProjectConfigurator - Adding source folder /ui_automation_cucumber/src/test/java
2023-02-09 18:09:18,237 [Worker-11: Importing Maven projects] INFO  o.e.m.j.i.AbstractJavaProjectConfigurator - Adding resource folder /ui_automation_cucumber/src/test/resources
2023-02-09 18:09:18,641 [Worker-11: Importing Maven projects] INFO  o.e.m.j.i.AbstractJavaProjectConfigurator - Adding source folder /bdd_orthologiq/src/main/java
2023-02-09 18:09:18,642 [Worker-11: Importing Maven projects] INFO  o.e.m.j.i.AbstractJavaProjectConfigurator - Adding resource folder /bdd_orthologiq/src/main/resources
2023-02-09 18:09:18,643 [Worker-11: Importing Maven projects] INFO  o.e.m.j.i.AbstractJavaProjectConfigurator - Adding source folder /bdd_orthologiq/src/test/java
2023-02-09 18:09:18,643 [Worker-11: Importing Maven projects] INFO  o.e.m.j.i.AbstractJavaProjectConfigurator - Adding resource folder /bdd_orthologiq/src/test/resources
2023-02-09 18:09:18,812 [Worker-11: Importing Maven projects] INFO  o.e.m.c.i.p.ProjectConfigurationManager - Imported and configured 11 project(s) in 45 sec
2023-02-09 18:09:20,832 [Worker-19: Updating Maven Project] INFO  o.e.m.c.i.p.ProjectConfigurationManager - Update started
2023-02-14 05:55:50,515 [Worker-5: Loading available Gradle versions] INFO  o.e.b.c.i.u.g.PublishedGradleVersions - Gradle version information cache is out-of-date. Trying to update.
